0 info it worked if it ends with ok
1 verbose cli [ 'C:\\Program Files\\nodejs\\node.exe',
1 verbose cli   'C:\\Program Files\\nodejs\\node_modules\\npm\\bin\\npm-cli.js',
1 verbose cli   'start' ]
2 info using npm@3.10.10
3 info using node@v6.11.1
4 verbose run-script [ 'prestart', 'start', 'poststart' ]
5 info lifecycle web-midi@0.1.0~prestart: web-midi@0.1.0
6 silly lifecycle web-midi@0.1.0~prestart: no script for prestart, continuing
7 info lifecycle web-midi@0.1.0~start: web-midi@0.1.0
8 verbose lifecycle web-midi@0.1.0~start: unsafe-perm in lifecycle true
9 verbose lifecycle web-midi@0.1.0~start: PATH: C:\Program Files\nodejs\node_modules\npm\bin\node-gyp-bin;E:\Folders\Git\web-midi\node_modules\.bin;C:\Program Files\Git\mingw64\bin;C:\Program Files\Git\usr\bin;C:\Users\Adam Leung\bin;C:\Program Files (x86)\Common Files\Oracle\Java\javapath;C:\Users\Adam Leung\AppData\Local\Programs\Python\Python36-32;C:\Users\Adam Leung\AppData\Local\Programs\Python\Python36-32\Scripts;C:\ProgramData\Oracle\Java\javapath;C:\Windows\system32;C:\Windows;C:\Windows\System32\Wbem;C:\Windows\System32\WindowsPowerShell\v1.0;C:\HaxeToolkit\haxe;C:\HaxeToolkit\neko;C:\Program Files (x86)\Windows Kits\8.1\Windows Performance Toolkit;C:\Program Files (x86)\GtkSharp\2.12\bin;C:\Python27;C:\WINDOWS\system32;C:\WINDOWS;C:\WINDOWS\System32\Wbem;C:\WINDOWS\System32\WindowsPowerShell\v1.0;C:\Program Files\Common Files\Autodesk Shared;C:\Program Files (x86)\CMake\bin;C:\Perl64\bin;C:\Program Files (x86)\PuTTY;C:\Program Files (x86)\Skype\Phone;C:\Program Files\nodejs;C:\Program Files\dotnet;C:\Program Files\Calibre2;C:\Program Files\Git LFS;C:\Program Files (x86)\NVIDIA Corporation\PhysX\Common;C:\Program Files\PuTTY;C:\WINDOWS\system32;C:\WINDOWS;C:\WINDOWS\System32\Wbem;C:\WINDOWS\System32\WindowsPowerShell\v1.0;C:\Program Files\MATLAB\R2017b\runtime\win64;C:\Program Files\MATLAB\R2017b\bin;C:\Program Files\Java\jdk1.8.0_91\bin;C:\Program Files (x86)\Livestreamer;C:\Program Files\Git\cmd;C:\Users\Adam Leung\AppData\Local\Programs\Python\Python36-32\Scripts;C:\Users\Adam Leung\AppData\Local\Programs\Python\Python36-32;C:\Users\Adam Leung\AppData\Local\Programs\Python\Python35-32\Scripts;C:\Users\Adam Leung\AppData\Local\Programs\Python\Python35-32;C:\texlive\2015\bin\win32;C:\Users\Adam Leung\AppData\Local\Microsoft\WindowsApps;C:\Users\Adam Leung\AppData\Roaming\npm;C:\Program Files\Microsoft VS Code\bin;C:\opencv\build\install\x86\vc14\bin;C:\Users\Adam Leung\AppData\Local\Microsoft\WindowsApps
10 verbose lifecycle web-midi@0.1.0~start: CWD: E:\Folders\Git\web-midi
11 silly lifecycle web-midi@0.1.0~start: Args: [ '/d /s /c', 'npm run lite' ]
12 silly lifecycle web-midi@0.1.0~start: Returned: code: 3221225786  signal: null
13 info lifecycle web-midi@0.1.0~start: Failed to exec start script
14 verbose stack Error: web-midi@0.1.0 start: `npm run lite`
14 verbose stack Exit status 3221225786
14 verbose stack     at EventEmitter.<anonymous> (C:\Program Files\nodejs\node_modules\npm\lib\utils\lifecycle.js:255:16)
14 verbose stack     at emitTwo (events.js:106:13)
14 verbose stack     at EventEmitter.emit (events.js:191:7)
14 verbose stack     at ChildProcess.<anonymous> (C:\Program Files\nodejs\node_modules\npm\lib\utils\spawn.js:40:14)
14 verbose stack     at emitTwo (events.js:106:13)
14 verbose stack     at ChildProcess.emit (events.js:191:7)
14 verbose stack     at maybeClose (internal/child_process.js:891:16)
14 verbose stack     at Process.ChildProcess._handle.onexit (internal/child_process.js:226:5)
15 verbose pkgid web-midi@0.1.0
16 verbose cwd E:\Folders\Git\web-midi
17 error Windows_NT 10.0.16299
18 error argv "C:\\Program Files\\nodejs\\node.exe" "C:\\Program Files\\nodejs\\node_modules\\npm\\bin\\npm-cli.js" "start"
19 error node v6.11.1
20 error npm  v3.10.10
21 error code ELIFECYCLE
22 error web-midi@0.1.0 start: `npm run lite`
22 error Exit status 3221225786
23 error Failed at the web-midi@0.1.0 start script 'npm run lite'.
23 error Make sure you have the latest version of node.js and npm installed.
23 error If you do, this is most likely a problem with the web-midi package,
23 error not with npm itself.
23 error Tell the author that this fails on your system:
23 error     npm run lite
23 error You can get information on how to open an issue for this project with:
23 error     npm bugs web-midi
23 error Or if that isn't available, you can get their info via:
23 error     npm owner ls web-midi
23 error There is likely additional logging output above.
24 verbose exit [ 1, true ]
